0 info it worked if it ends with ok
1 verbose cli [ '/usr/bin/nodejs', '/usr/bin/npm', 'run', 'dan' ]
2 info using npm@4.0.5
3 info using node@v7.4.0
4 verbose run-script [ 'predan', 'dan', 'postdan' ]
5 info lifecycle website@1.0.0~predan: website@1.0.0
6 silly lifecycle website@1.0.0~predan: no script for predan, continuing
7 info lifecycle website@1.0.0~dan: website@1.0.0
8 verbose lifecycle website@1.0.0~dan: unsafe-perm in lifecycle true
9 verbose lifecycle website@1.0.0~dan: PATH: /usr/lib/node_modules/npm/bin/node-gyp-bin:/home/claire/Projects/eeclaire.github.io/node_modules/.bin:/home/claire/bin:/home/claire/.local/bin:/usr/local/sbin:/usr/local/bin:/usr/sbin:/usr/bin:/sbin:/bin:/usr/games:/usr/local/games:/snap/bin
10 verbose lifecycle website@1.0.0~dan: CWD: /home/claire/Projects/eeclaire.github.io
11 silly lifecycle website@1.0.0~dan: Args: [ '-c',
11 silly lifecycle   'webpack-dev-server -d --history-api-fallback --hot --inline --progress --colors --port 3000' ]
12 silly lifecycle website@1.0.0~dan: Returned: code: 1  signal: null
13 info lifecycle website@1.0.0~dan: Failed to exec dan script
14 verbose stack Error: website@1.0.0 dan: `webpack-dev-server -d --history-api-fallback --hot --inline --progress --colors --port 3000`
14 verbose stack Exit status 1
14 verbose stack     at EventEmitter.<anonymous> (/usr/lib/node_modules/npm/lib/utils/lifecycle.js:279:16)
14 verbose stack     at emitTwo (events.js:106:13)
14 verbose stack     at EventEmitter.emit (events.js:191:7)
14 verbose stack     at ChildProcess.<anonymous> (/usr/lib/node_modules/npm/lib/utils/spawn.js:40:14)
14 verbose stack     at emitTwo (events.js:106:13)
14 verbose stack     at ChildProcess.emit (events.js:191:7)
14 verbose stack     at maybeClose (internal/child_process.js:885:16)
14 verbose stack     at Process.ChildProcess._handle.onexit (internal/child_process.js:226:5)
15 verbose pkgid website@1.0.0
16 verbose cwd /home/claire/Projects/eeclaire.github.io
17 error Linux 4.4.0-62-generic
18 error argv "/usr/bin/nodejs" "/usr/bin/npm" "run" "dan"
19 error node v7.4.0
20 error npm  v4.0.5
21 error code ELIFECYCLE
22 error website@1.0.0 dan: `webpack-dev-server -d --history-api-fallback --hot --inline --progress --colors --port 3000`
22 error Exit status 1
23 error Failed at the website@1.0.0 dan script 'webpack-dev-server -d --history-api-fallback --hot --inline --progress --colors --port 3000'.
23 error Make sure you have the latest version of node.js and npm installed.
23 error If you do, this is most likely a problem with the website package,
23 error not with npm itself.
23 error Tell the author that this fails on your system:
23 error     webpack-dev-server -d --history-api-fallback --hot --inline --progress --colors --port 3000
23 error You can get information on how to open an issue for this project with:
23 error     npm bugs website
23 error Or if that isn't available, you can get their info via:
23 error     npm owner ls website
23 error There is likely additional logging output above.
24 verbose exit [ 1, true ]
